0 info it worked if it ends with ok
1 verbose cli [ 'C:\\Program Files (x86)\\nodejs\\node.exe',
1 verbose cli   'C:\\Program Files (x86)\\nodejs\\node_modules\\npm\\bin\\npm-cli.js',
1 verbose cli   'run',
1 verbose cli   'server' ]
2 info using npm@3.10.10
3 info using node@v6.10.3
4 verbose run-script [ 'preserver', 'server', 'postserver' ]
5 info lifecycle lisk_vote@1.0.0~preserver: lisk_vote@1.0.0
6 silly lifecycle lisk_vote@1.0.0~preserver: no script for preserver, continuing
7 info lifecycle lisk_vote@1.0.0~server: lisk_vote@1.0.0
8 verbose lifecycle lisk_vote@1.0.0~server: unsafe-perm in lifecycle true
9 verbose lifecycle lisk_vote@1.0.0~server: PATH: C:\Program Files (x86)\nodejs\node_modules\npm\bin\node-gyp-bin;C:\Users\dpena01\desktop\ucf-demos\lisk-vote\node_modules\.bin;C:\Users\dpena01\desktop\ucf-demos\lisk-vote\node_modules\.bin;C:\Users\dpena01\AppData\Local\Yarn\config\link\node_modules\.bin;C:\Users\dpena01\desktop\ucf-demos\lisk-vote\node_modules\.bin;C:\Users\dpena01\AppData\Local\Yarn\config\link\node_modules\.bin;C:\Users\dpena01\AppData\Local\Yarn\bin;C:\Program Files (x86)\lib\node_modules\npm\bin\node-gyp-bin;C:\Program Files (x86)\nodejs\node_modules\npm\bin\node-gyp-bin;C:\Users\dpena01\bin;C:\Program Files\Git\mingw64\bin;C:\Program Files\Git\usr\local\bin;C:\Program Files\Git\usr\bin;C:\Program Files\Git\usr\bin;C:\Program Files\Git\mingw64\bin;C:\Program Files\Git\usr\bin;C:\Users\dpena01\bin;C:\ProgramData\Oracle\Java\javapath;C:\app\client\dpena01\product\12.1.0\client_1\bin;C:\Program Files (x86)\Intel\iCLS Client;C:\Program Files\Intel\iCLS Client;C:\windows\system32;C:\windows;C:\windows\System32\Wbem;C:\windows\System32\WindowsPowerShell\v1.0;C:\Program Files\Intel\Intel(R) Management Engine Components\DAL;C:\Program Files\Intel\Intel(R) Management Engine Components\IPT;C:\Program Files (x86)\Intel\Intel(R) Management Engine Components\DAL;C:\Program Files (x86)\Intel\Intel(R) Management Engine Components\IPT;C:\Program Files\Intel\WiFi\bin;C:\Program Files\Common Files\Intel\WirelessCommon;C:\Program Files\Samsung\AllShare Framework DMS\1.3.23;C:\Program Files\Samsung\AllShare Framework DMS\1.3.23\64bit;C:\Program Files (x86)\Skype\Phone;C:\Program Files\Git\cmd;C:\Program Files (x86)\nodejs;C:\Program Files\MongoDB\Server\3.4\bin;C:\ProgramData\ComposerSetup\bin;C:\Program Files\Heroku\bin;C:\Users\dpena01\AppData\Roaming\npm;C:\php;C:\Program Files\MySQL\MySQL Server 5.7\bin;C:\xampp\php;C:\Users\dpena01\AppData\Roaming\Composer\vendor\bin;C:\Program Files\PostgreSQL\10\bin;C:\Users\dpena01\AppData\Local\Google\Cloud SDK\google-cloud-sdk\bin;C:\Program Files\Git\usr\bin\vendor_perl;C:\Program Files\Git\usr\bin\core_perl
10 verbose lifecycle lisk_vote@1.0.0~server: CWD: C:\Users\dpena01\desktop\ucf-demos\lisk-vote
11 silly lifecycle lisk_vote@1.0.0~server: Args: [ '/d /s /c', 'nodemon server.js' ]
12 silly lifecycle lisk_vote@1.0.0~server: Returned: code: 1  signal: null
13 info lifecycle lisk_vote@1.0.0~server: Failed to exec server script
14 verbose stack Error: lisk_vote@1.0.0 server: `nodemon server.js`
14 verbose stack Exit status 1
14 verbose stack     at EventEmitter.<anonymous> (C:\Program Files (x86)\nodejs\node_modules\npm\lib\utils\lifecycle.js:255:16)
14 verbose stack     at emitTwo (events.js:106:13)
14 verbose stack     at EventEmitter.emit (events.js:191:7)
14 verbose stack     at ChildProcess.<anonymous> (C:\Program Files (x86)\nodejs\node_modules\npm\lib\utils\spawn.js:40:14)
14 verbose stack     at emitTwo (events.js:106:13)
14 verbose stack     at ChildProcess.emit (events.js:191:7)
14 verbose stack     at maybeClose (internal/child_process.js:886:16)
14 verbose stack     at Process.ChildProcess._handle.onexit (internal/child_process.js:226:5)
15 verbose pkgid lisk_vote@1.0.0
16 verbose cwd C:\Users\dpena01\desktop\ucf-demos\lisk-vote
17 error Windows_NT 6.3.9600
18 error argv "C:\\Program Files (x86)\\nodejs\\node.exe" "C:\\Program Files (x86)\\nodejs\\node_modules\\npm\\bin\\npm-cli.js" "run" "server"
19 error node v6.10.3
20 error npm  v3.10.10
21 error code ELIFECYCLE
22 error lisk_vote@1.0.0 server: `nodemon server.js`
22 error Exit status 1
23 error Failed at the lisk_vote@1.0.0 server script 'nodemon server.js'.
23 error Make sure you have the latest version of node.js and npm installed.
23 error If you do, this is most likely a problem with the lisk_vote package,
23 error not with npm itself.
23 error Tell the author that this fails on your system:
23 error     nodemon server.js
23 error You can get information on how to open an issue for this project with:
23 error     npm bugs lisk_vote
23 error Or if that isn't available, you can get their info via:
23 error     npm owner ls lisk_vote
23 error There is likely additional logging output above.
24 verbose exit [ 1, true ]
